<?xml version="1.0" encoding="UTF-8"?>
<!-- Generated by org.testng.reporters.JUnitXMLReporter -->
<testsuite ignored="0" hostname="Bankim" failures="1" tests="1" name=" https://opensource-demo.orangehrmlive.com/" time="7.927" errors="0" timestamp="27 Aug 2022 20:19:32 GMT">
  <testcase classname="io.cucumber.testng.AbstractTestNGCucumberTests" name="runScenario" time="7.453">
    <failure type="io.cucumber.testng.UndefinedStepException" message="The step &amp;apos;User able to validate the page title after LOGIN &amp;quot;OrangeHRM&amp;quot; on the grid&amp;apos; is undefined.
You can implement this step using the snippet(s) below:

@Then(&amp;quot;User able to validate the page title after LOGIN {string} on the grid&amp;quot;)
public void user_able_to_validate_the_page_title_after_login_on_the_grid(String string) {
    // Write code here that turns the phrase above into concrete actions
    throw new io.cucumber.java.PendingException();
}
">
      <![CDATA[io.cucumber.testng.UndefinedStepException: The step 'User able to validate the page title after LOGIN "OrangeHRM" on the grid' is undefined.
You can implement this step using the snippet(s) below:

@Then("User able to validate the page title after LOGIN {string} on the grid")
public void user_able_to_validate_the_page_title_after_login_on_the_grid(String string) {
    // Write code here that turns the phrase above into concrete actions
    throw new io.cucumber.java.PendingException();
}

at io.cucumber.core.runtime.TestCaseResultObserver.assertTestCasePassed(TestCaseResultObserver.java:69)
at io.cucumber.testng.TestCaseResultObserver.assertTestCasePassed(TestCaseResultObserver.java:23)
at io.cucumber.testng.TestNGCucumberRunner.lambda$runScenario$1(TestNGCucumberRunner.java:133)
at io.cucumber.core.runtime.CucumberExecutionContext.lambda$runTestCase$5(CucumberExecutionContext.java:129)
at io.cucumber.core.runtime.RethrowingThrowableCollector.executeAndThrow(RethrowingThrowableCollector.java:23)
at io.cucumber.core.runtime.CucumberExecutionContext.runTestCase(CucumberExecutionContext.java:129)
at io.cucumber.testng.TestNGCucumberRunner.runScenario(TestNGCucumberRunner.java:129)
at io.cucumber.testng.AbstractTestNGCucumberTests.runScenario(AbstractTestNGCucumberTests.java:35)
... Removed 25 stack frames]]>
    </failure>
  </testcase> <!-- runScenario -->
</testsuite> <!--  https://opensource-demo.orangehrmlive.com/ -->
